{
"/Users/xiaows__/Documents/workspace/automation/js/tdd.js":{"path":"/Users/xiaows__/Documents/workspace/automation/js/tdd.js","statementMap":{"0":{"start":{"line":2,"column":2},"end":{"line":2,"column":35}},"1":{"start":{"line":5,"column":2},"end":{"line":5,"column":55}},"2":{"start":{"line":5,"column":34},"end":{"line":5,"column":55}},"3":{"start":{"line":6,"column":2},"end":{"line":6,"column":27}},"4":{"start":{"line":10,"column":2},"end":{"line":10,"column":55}},"5":{"start":{"line":10,"column":34},"end":{"line":10,"column":55}},"6":{"start":{"line":11,"column":2},"end":{"line":11,"column":27}}},"fnMap":{"0":{"name":"isNumber","decl":{"start":{"line":1,"column":9},"end":{"line":1,"column":17}},"loc":{"start":{"line":1,"column":25},"end":{"line":3,"column":1}},"line":1},"1":{"name":"min","decl":{"start":{"line":4,"column":9},"end":{"line":4,"column":12}},"loc":{"start":{"line":4,"column":19},"end":{"line":7,"column":1}},"line":4},"2":{"name":"max","decl":{"start":{"line":9,"column":9},"end":{"line":9,"column":12}},"loc":{"start":{"line":9,"column":19},"end":{"line":12,"column":1}},"line":9}},"branchMap":{"0":{"loc":{"start":{"line":5,"column":2},"end":{"line":5,"column":55}},"type":"if","locations":[{"start":{"line":5,"column":2},"end":{"line":5,"column":55}},{"start":{"line":5,"column":2},"end":{"line":5,"column":55}}],"line":5},"1":{"loc":{"start":{"line":5,"column":6},"end":{"line":5,"column":32}},"type":"binary-expr","locations":[{"start":{"line":5,"column":6},"end":{"line":5,"column":17}},{"start":{"line":5,"column":21},"end":{"line":5,"column":32}}],"line":5},"2":{"loc":{"start":{"line":5,"column":41},"end":{"line":5,"column":54}},"type":"cond-expr","locations":[{"start":{"line":5,"column":49},"end":{"line":5,"column":50}},{"start":{"line":5,"column":53},"end":{"line":5,"column":54}}],"line":5},"3":{"loc":{"start":{"line":10,"column":2},"end":{"line":10,"column":55}},"type":"if","locations":[{"start":{"line":10,"column":2},"end":{"line":10,"column":55}},{"start":{"line":10,"column":2},"end":{"line":10,"column":55}}],"line":10},"4":{"loc":{"start":{"line":10,"column":6},"end":{"line":10,"column":32}},"type":"binary-expr","locations":[{"start":{"line":10,"column":6},"end":{"line":10,"column":17}},{"start":{"line":10,"column":21},"end":{"line":10,"column":32}}],"line":10},"5":{"loc":{"start":{"line":10,"column":41},"end":{"line":10,"column":54}},"type":"cond-expr","locations":[{"start":{"line":10,"column":49},"end":{"line":10,"column":50}},{"start":{"line":10,"column":53},"end":{"line":10,"column":54}}],"line":10}},"s":{"0":4,"1":1,"2":1,"3":0,"4":1,"5":1,"6":0},"f":{"0":4,"1":1,"2":1},"b":{"0":[1,0],"1":[1,1],"2":[1,0],"3":[1,0],"4":[1,1],"5":[0,1]},"_coverageSchema":"332fd63041d2c1bcb487cc26dd0d5f7d97098a6c","hash":"3f75f8e7057c42cd1402d92c2c9af4cdd343b6e4","l":{"2":4,"5":1,"6":0,"10":1,"11":0}},
"/Users/xiaows__/Documents/workspace/automation/unit/tdd.spec.js":{"path":"/Users/xiaows__/Documents/workspace/automation/unit/tdd.spec.js","statementMap":{"0":{"start":{"line":3,"column":0},"end":{"line":13,"column":3}},"1":{"start":{"line":4,"column":2},"end":{"line":7,"column":5}},"2":{"start":{"line":5,"column":15},"end":{"line":5,"column":24}},"3":{"start":{"line":6,"column":4},"end":{"line":6,"column":32}},"4":{"start":{"line":9,"column":2},"end":{"line":12,"column":5}},"5":{"start":{"line":10,"column":15},"end":{"line":10,"column":24}},"6":{"start":{"line":11,"column":4},"end":{"line":11,"column":32}}},"fnMap":{"0":{"name":"(anonymous_0)","decl":{"start":{"line":3,"column":21},"end":{"line":3,"column":22}},"loc":{"start":{"line":3,"column":32},"end":{"line":13,"column":1}},"line":3},"1":{"name":"(anonymous_1)","decl":{"start":{"line":4,"column":21},"end":{"line":4,"column":22}},"loc":{"start":{"line":4,"column":32},"end":{"line":7,"column":3}},"line":4},"2":{"name":"(anonymous_2)","decl":{"start":{"line":9,"column":21},"end":{"line":9,"column":22}},"loc":{"start":{"line":9,"column":32},"end":{"line":12,"column":3}},"line":9}},"branchMap":{},"s":{"0":1,"1":1,"2":1,"3":1,"4":1,"5":1,"6":1},"f":{"0":1,"1":1,"2":1},"b":{},"_coverageSchema":"332fd63041d2c1bcb487cc26dd0d5f7d97098a6c","hash":"79eec9add945b06937cc14839ce88497963349ff","l":{"3":1,"4":1,"5":1,"6":1,"9":1,"10":1,"11":1}}}
