TN:
SF:/Users/xiaows__/Documents/workspace/automation/js/tdd.js
FN:1,isNumber
FN:4,min
FN:9,max
FNF:3
FNH:3
FNDA:4,isNumber
FNDA:1,min
FNDA:1,max
DA:2,4
DA:5,1
DA:6,0
DA:10,1
DA:11,0
LF:5
LH:3
BRDA:5,0,0,1
BRDA:5,0,1,0
BRDA:5,1,0,1
BRDA:5,1,1,1
BRDA:5,2,0,1
BRDA:5,2,1,0
BRDA:10,3,0,1
BRDA:10,3,1,0
BRDA:10,4,0,1
BRDA:10,4,1,1
BRDA:10,5,0,0
BRDA:10,5,1,1
BRF:12
BRH:8
end_of_record
TN:
SF:/Users/xiaows__/Documents/workspace/automation/unit/tdd.spec.js
FN:3,(anonymous_0)
FN:4,(anonymous_1)
FN:9,(anonymous_2)
FNF:3
FNH:3
FNDA:1,(anonymous_0)
FNDA:1,(anonymous_1)
FNDA:1,(anonymous_2)
DA:3,1
DA:4,1
DA:5,1
DA:6,1
DA:9,1
DA:10,1
DA:11,1
LF:7
LH:7
BRF:0
BRH:0
end_of_record
